BBSSDKGUI/build/outputs/logs/manifest-merger-release-report.txt
-- Merging decision tree log ---
manifest
ADDED from BBS\BBSSDKGUI\AndroidManifest.xml:1:1-11:12
INJECTED from BBS\BBSSDKGUI\AndroidManifest.xml:1:1-11:12
INJECTED from BBS\BBSSDKGUI\AndroidManifest.xml:1:1-11:12
INJECTED from BBS\BBSSDKGUI\AndroidManifest.xml:1:1-11:12
INJECTED from BBS\BBSSDKGUI\AndroidManifest.xml:1:1-11:12
INJECTED from BBS\BBSSDKGUI\AndroidManifest.xml:1:1-11:12
INJECTED from BBS\BBSSDKGUI\AndroidManifest.xml:1:1-11:12
	package
		ADDED from BBS\BBSSDKGUI\AndroidManifest.xml:2:11-39
		INJECTED from BBS\BBSSDKGUI\AndroidManifest.xml
		INJECTED from BBS\BBSSDKGUI\AndroidManifest.xml
	android:versionName
		INJECTED from BBS\BBSSDKGUI\AndroidManifest.xml
		ADDED from BBS\BBSSDKGUI\AndroidManifest.xml:1:1-11:12
		INJECTED from BBS\BBSSDKGUI\AndroidManifest.xml
	android:versionCode
		INJECTED from BBS\BBSSDKGUI\AndroidManifest.xml
		ADDED from BBS\BBSSDKGUI\AndroidManifest.xml:1:1-11:12
		INJECTED from BBS\BBSSDKGUI\AndroidManifest.xml
	xmlns:android
		ADDED from BBS\BBSSDKGUI\AndroidManifest.xml:1:11-69
uses-permission#android.permission.READ_EXTERNAL_STORAGE
ADDED from BBS\BBSSDKGUI\AndroidManifest.xml:4:5-79
	android:name
		ADDED from BBS\BBSSDKGUI\AndroidManifest.xml:4:22-77
uses-permission#android.permission.WRITE_EXTERNAL_STORAGE
ADDED from BBS\BBSSDKGUI\AndroidManifest.xml:5:5-80
	android:name
		ADDED from BBS\BBSSDKGUI\AndroidManifest.xml:5:22-78
application
ADDED from BBS\BBSSDKGUI\AndroidManifest.xml:7:5-9:19
uses-sdk
INJECTED from BBS\BBSSDKGUI\AndroidManifest.xml reason: use-sdk injection requested
INJECTED from BBS\BBSSDKGUI\AndroidManifest.xml
INJECTED from BBS\BBSSDKGUI\AndroidManifest.xml
INJECTED from BBS\BBSSDKGUI\AndroidManifest.xml
INJECTED from BBS\BBSSDKGUI\AndroidManifest.xml
	android:targetSdkVersion
		INJECTED from BBS\BBSSDKGUI\AndroidManifest.xml
		ADDED from BBS\BBSSDKGUI\AndroidManifest.xml
		INJECTED from BBS\BBSSDKGUI\AndroidManifest.xml
	android:minSdkVersion
		INJECTED from BBS\BBSSDKGUI\AndroidManifest.xml
		ADDED from BBS\BBSSDKGUI\AndroidManifest.xml
		INJECTED from BBS\BBSSDKGUI\AndroidManifest.xml